<?xml version="1.0" encoding="UTF-8"?>
<!-- Generated by org.testng.reporters.JUnitXMLReporter -->
<testsuite ignored="0" hostname="LTIN522289" failures="0" tests="12" name="Default test" time="36.296" errors="0" timestamp="2025-01-16T10:42:05 IST">
  <testcase classname="testCases.BookshelvesPriceFilterTest" name="bookShelvesSubmenuPresence" time="2.079"/>
  <testcase classname="testCases.BookshelvesPriceFilterTest" name="bookShelvesClick" time="2.941"/>
  <testcase classname="testCases.BookshelvesPriceFilterTest" name="checkBookshelvesPageTitle" time="0.588"/>
  <testcase classname="testCases.BookshelvesPriceFilterTest" name="checkFilters" time="3.366"/>
  <testcase classname="testCases.BookshelvesPriceFilterTest" name="checkPriceTagSlider" time="0.038"/>
  <testcase classname="testCases.BookshelvesPriceFilterTest" name="testPriceTagSliderWithValue" time="1.142"/>
  <testcase classname="testCases.BookshelvesPriceFilterTest" name="checkStorageTypeTag" time="0.993"/>
  <testcase classname="testCases.BookshelvesPriceFilterTest" name="testStorageTypeTagWithValue" time="1.106"/>
  <testcase classname="testCases.BookshelvesPriceFilterTest" name="testExcludeOutOfStock" time="0.723"/>
  <testcase classname="testCases.BookshelvesPriceFilterTest" name="testSortBy" time="0.113"/>
  <testcase classname="testCases.BookshelvesPriceFilterTest" name="testPresenceOfBookshelves" time="3.966"/>
  <testcase classname="testCases.BookshelvesPriceFilterTest" name="testUrlAfterBack" time="4.237"/>
</testsuite> <!-- Default test -->
