<?xml version="1.0" encoding="UTF-8"?>
<!-- Generated by org.testng.reporters.JUnitXMLReporter -->
<testsuite ignored="0" hostname="LTIN522289" failures="0" tests="21" name="EdgeTest" time="35.143" errors="0" timestamp="2025-01-14T13:07:54 IST">
  <testcase classname="testCases.EndtoEnd" name="testValidUrl" time="0.154"/>
  <testcase classname="testCases.EndtoEnd" name="testFieldPresence" time="0.116"/>
  <testcase classname="testCases.EndtoEnd" name="testFieldOasisPresence" time="0.394"/>
  <testcase classname="testCases.EndtoEnd" name="testULServicesPresence" time="0.026"/>
  <testcase classname="testCases.EndtoEnd" name="bookShelvesSubmenuPresence" time="0.208"/>
  <testcase classname="testCases.EndtoEnd" name="bookShelvesClick" time="1.572"/>
  <testcase classname="testCases.EndtoEnd" name="checkBookshelvesPageTitle" time="0.266"/>
  <testcase classname="testCases.EndtoEnd" name="checkFilters" time="3.49"/>
  <testcase classname="testCases.EndtoEnd" name="checkPriceTagSlider" time="0.033"/>
  <testcase classname="testCases.EndtoEnd" name="testPriceTagSliderWithValue" time="0.909"/>
  <testcase classname="testCases.EndtoEnd" name="checkStorageTypeTag" time="0.91"/>
  <testcase classname="testCases.EndtoEnd" name="testStorageTypeTagWithValue" time="1.674"/>
  <testcase classname="testCases.EndtoEnd" name="testExcludeOutOfStock" time="0.908"/>
  <testcase classname="testCases.EndtoEnd" name="testSortBy" time="0.036"/>
  <testcase classname="testCases.EndtoEnd" name="testPresenceOfBookshelves" time="1.409"/>
  <testcase classname="testCases.EndtoEnd" name="testUrlAfterBack" time="1.44"/>
  <testcase classname="testCases.EndtoEnd" name="dropDownAppearanceValidation" time="0.705"/>
  <testcase classname="testCases.EndtoEnd" name="dropDownSubMenuValidation" time="0.135"/>
  <testcase classname="testCases.EndtoEnd" name="checkULPageTitle" time="1.896"/>
  <testcase classname="testCases.EndtoEnd" name="FillULInvalidData" time="0.572"/>
  <testcase classname="testCases.EndtoEnd" name="FillULValidData" time="6.58"/>
</testsuite> <!-- EdgeTest -->
