<?xml version="1.0" encoding="UTF-8"?>
<!-- Generated by org.testng.reporters.JUnitXMLReporter -->
<testsuite ignored="6" hostname="LTIN521690" failures="0" tests="21" name="Test" time="59.453" errors="0" timestamp="2025-01-16T11:06:21 IST">
  <testcase classname="testCases.SmokeTest" name="testValidUrl" time="0.25"/>
  <testcase classname="testCases.SmokeTest" name="testFieldPresence" time="1.515"/>
  <testcase classname="testCases.SmokeTest" name="testFieldOasisPresence" time="0.086"/>
  <testcase classname="testCases.SmokeTest" name="testULServicesPresence" time="0.208"/>
  <testcase classname="testCases.BookshelvesPriceFilterTest" name="bookShelvesSubmenuPresence" time="0.697"/>
  <testcase classname="testCases.BookshelvesPriceFilterTest" name="bookShelvesClick" time="3.371"/>
  <testcase classname="testCases.BookshelvesPriceFilterTest" name="checkBookshelvesPageTitle" time="0.709"/>
  <testcase classname="testCases.BookshelvesPriceFilterTest" name="checkFilters" time="3.435"/>
  <testcase classname="testCases.BookshelvesPriceFilterTest" name="checkPriceTagSlider" time="0.058"/>
  <testcase classname="testCases.BookshelvesPriceFilterTest" name="testPriceTagSliderWithValue" time="1.224"/>
  <testcase classname="testCases.BookshelvesPriceFilterTest" name="checkStorageTypeTag" time="1.145"/>
  <testcase classname="testCases.BookshelvesPriceFilterTest" name="testStorageTypeTagWithValue" time="0.789"/>
  <testcase classname="testCases.BookshelvesPriceFilterTest" name="testExcludeOutOfStock" time="0.681"/>
  <testcase classname="testCases.BookshelvesPriceFilterTest" name="testSortBy" time="0.07"/>
  <testcase classname="testCases.BookshelvesPriceFilterTest" name="testPresenceOfBookshelves" time="3.539"/>
  <testcase classname="testCases.BookshelvesPriceFilterTest" name="testUrlAfterBack" time="2.936"/>
  <testcase classname="testCases.CollectionsSubMenuRetrievalTest" name="dropDownAppearanceValidation" time="0.828"/>
  <testcase classname="testCases.CollectionsSubMenuRetrievalTest" name="dropDownSubMenuValidation" time="0.458"/>
  <testcase classname="testCases.ULServicesFormTest" name="checkULPageTitle" time="3.106"/>
  <testcase classname="testCases.ULServicesFormTest" name="FillULInvalidData" time="2.908"/>
  <testcase classname="testCases.ULServicesFormTest" name="FillULValidData" time="8.364"/>
  <testcase classname="testBase.BaseClass" name="@AfterTest tearDown" time="0.0">
    <ignored/>
  </testcase> <!-- @AfterTest tearDown -->
  <testcase classname="testBase.BaseClass" name="@AfterTest tearDown" time="0.0">
    <ignored/>
  </testcase> <!-- @AfterTest tearDown -->
  <testcase classname="testBase.BaseClass" name="@AfterTest tearDown" time="0.0">
    <ignored/>
  </testcase> <!-- @AfterTest tearDown -->
  <testcase classname="testBase.BaseClass" name="@BeforeTest setup" time="0.0">
    <ignored/>
  </testcase> <!-- @BeforeTest setup -->
  <testcase classname="testBase.BaseClass" name="@BeforeTest setup" time="0.0">
    <ignored/>
  </testcase> <!-- @BeforeTest setup -->
  <testcase classname="testBase.BaseClass" name="@BeforeTest setup" time="0.0">
    <ignored/>
  </testcase> <!-- @BeforeTest setup -->
</testsuite> <!-- Test -->
