<?xml version="1.0" encoding="UTF-8"?>
<testng-results ignored="6" total="27" passed="21" failed="0" skipped="0">
  <reporter-output>
  </reporter-output>
  <suite started-at="2025-01-16T09:03:54 IST" name="Suite" finished-at="2025-01-16T09:04:45 IST" duration-ms="50907">
    <groups>
      <group name="smoke">
        <method signature="SmokeTest.testFieldOasisPresence()[pri:2, instance:testCases.SmokeTest@48f278eb]" name="testFieldOasisPresence" class="testCases.SmokeTest"/>
        <method signature="SmokeTest.testFieldPresence()[pri:1, instance:testCases.SmokeTest@48f278eb]" name="testFieldPresence" class="testCases.SmokeTest"/>
        <method signature="SmokeTest.testULServicesPresence()[pri:3, instance:testCases.SmokeTest@48f278eb]" name="testULServicesPresence" class="testCases.SmokeTest"/>
        <method signature="SmokeTest.testValidUrl()[pri:0, instance:testCases.SmokeTest@48f278eb]" name="testValidUrl" class="testCases.SmokeTest"/>
      </group> <!-- smoke -->
    </groups>
    <test started-at="2025-01-16T09:03:54 IST" name="Test" finished-at="2025-01-16T09:04:45 IST" duration-ms="50907">
      <class name="testCases.CollectionsSubMenuRetrievalTest">
        <test-method is-config="true" signature="pages()[pri:0, instance:testCases.CollectionsSubMenuRetrievalTest@f5acb9d]" started-at="2025-01-16T09:04:24 IST" name="pages" finished-at="2025-01-16T09:04:24 IST" duration-ms="1" status="PASS">
          <reporter-output>
          </reporter-output>
        </test-method> <!-- pages -->
        <test-method signature="dropDownAppearanceValidation()[pri:16, instance:testCases.CollectionsSubMenuRetrievalTest@f5acb9d]" started-at="2025-01-16T09:04:24 IST" name="dropDownAppearanceValidation" finished-at="2025-01-16T09:04:25 IST" duration-ms="805" status="PASS">
          <reporter-output>
          </reporter-output>
        </test-method> <!-- dropDownAppearanceValidation -->
        <test-method signature="dropDownSubMenuValidation()[pri:17, instance:testCases.CollectionsSubMenuRetrievalTest@f5acb9d]" started-at="2025-01-16T09:04:25 IST" name="dropDownSubMenuValidation" finished-at="2025-01-16T09:04:25 IST" depends-on-methods="testCases.CollectionsSubMenuRetrievalTest.dropDownAppearanceValidation" duration-ms="323" status="PASS">
          <reporter-output>
          </reporter-output>
        </test-method> <!-- dropDownSubMenuValidation -->
      </class> <!-- testCases.CollectionsSubMenuRetrievalTest -->
      <class name="testCases.SmokeTest">
        <test-method is-config="true" signature="setup(java.lang.String)[pri:0, instance:testCases.SmokeTest@48f278eb]" started-at="2025-01-16T09:03:54 IST" name="setup" finished-at="2025-01-16T09:04:06 IST" duration-ms="11825" status="PASS">
          <params>
            <param index="0">
              <value>
                <![CDATA[Edge]]>
              </value>
            </param>
          </params>
          <reporter-output>
          </reporter-output>
        </test-method> <!-- setup -->
        <test-method is-config="true" signature="pages()[pri:0, instance:testCases.SmokeTest@48f278eb]" started-at="2025-01-16T09:04:06 IST" name="pages" finished-at="2025-01-16T09:04:06 IST" duration-ms="99" status="PASS">
          <reporter-output>
          </reporter-output>
        </test-method> <!-- pages -->
        <test-method signature="testValidUrl()[pri:0, instance:testCases.SmokeTest@48f278eb]" started-at="2025-01-16T09:04:06 IST" name="testValidUrl" finished-at="2025-01-16T09:04:07 IST" duration-ms="228" status="PASS">
          <reporter-output>
          </reporter-output>
        </test-method> <!-- testValidUrl -->
        <test-method signature="testFieldPresence()[pri:1, instance:testCases.SmokeTest@48f278eb]" started-at="2025-01-16T09:04:07 IST" name="testFieldPresence" finished-at="2025-01-16T09:04:07 IST" duration-ms="122" status="PASS">
          <reporter-output>
          </reporter-output>
        </test-method> <!-- testFieldPresence -->
        <test-method signature="testFieldOasisPresence()[pri:2, instance:testCases.SmokeTest@48f278eb]" started-at="2025-01-16T09:04:07 IST" name="testFieldOasisPresence" finished-at="2025-01-16T09:04:08 IST" duration-ms="919" status="PASS">
          <reporter-output>
          </reporter-output>
        </test-method> <!-- testFieldOasisPresence -->
        <test-method signature="testULServicesPresence()[pri:3, instance:testCases.SmokeTest@48f278eb]" started-at="2025-01-16T09:04:08 IST" name="testULServicesPresence" finished-at="2025-01-16T09:04:08 IST" duration-ms="116" status="PASS">
          <reporter-output>
          </reporter-output>
        </test-method> <!-- testULServicesPresence -->
        <test-method is-config="true" signature="tearDown()[pri:0, instance:testCases.SmokeTest@48f278eb]" started-at="2025-01-16T09:04:40 IST" name="tearDown" finished-at="2025-01-16T09:04:45 IST" duration-ms="5294" status="PASS">
          <reporter-output>
          </reporter-output>
        </test-method> <!-- tearDown -->
      </class> <!-- testCases.SmokeTest -->
      <class name="testCases.ULServicesFormTest">
        <test-method is-config="true" signature="pages()[pri:0, instance:testCases.ULServicesFormTest@4fb3ee4e]" started-at="2025-01-16T09:04:25 IST" name="pages" finished-at="2025-01-16T09:04:25 IST" duration-ms="2" status="PASS">
          <reporter-output>
          </reporter-output>
        </test-method> <!-- pages -->
        <test-method signature="checkULPageTitle([Ljava.lang.String;)[pri:18, instance:testCases.ULServicesFormTest@4fb3ee4e]" started-at="2025-01-16T09:04:25 IST" name="checkULPageTitle" data-provider="configData" finished-at="2025-01-16T09:04:28 IST" duration-ms="2726" status="PASS">
          <params>
            <param index="0">
              <value>
                <![CDATA[[Ljava.lang.String;@708eb310]]>
              </value>
            </param>
          </params>
          <reporter-output>
          </reporter-output>
        </test-method> <!-- checkULPageTitle -->
        <test-method signature="FillULInvalidData()[pri:19, instance:testCases.ULServicesFormTest@4fb3ee4e]" started-at="2025-01-16T09:04:28 IST" name="FillULInvalidData" finished-at="2025-01-16T09:04:32 IST" depends-on-methods="testCases.ULServicesFormTest.checkULPageTitle" duration-ms="3617" status="PASS">
          <reporter-output>
          </reporter-output>
        </test-method> <!-- FillULInvalidData -->
        <test-method signature="FillULValidData()[pri:20, instance:testCases.ULServicesFormTest@4fb3ee4e]" started-at="2025-01-16T09:04:32 IST" name="FillULValidData" finished-at="2025-01-16T09:04:40 IST" depends-on-methods="testCases.ULServicesFormTest.FillULInvalidData" duration-ms="8224" status="PASS">
          <reporter-output>
          </reporter-output>
        </test-method> <!-- FillULValidData -->
      </class> <!-- testCases.ULServicesFormTest -->
      <class name="testCases.BookshelvesPriceFilterTest">
        <test-method is-config="true" signature="pages()[pri:0, instance:testCases.BookshelvesPriceFilterTest@543588e6]" started-at="2025-01-16T09:04:08 IST" name="pages" finished-at="2025-01-16T09:04:08 IST" duration-ms="8" status="PASS">
          <reporter-output>
          </reporter-output>
        </test-method> <!-- pages -->
        <test-method signature="bookShelvesSubmenuPresence()[pri:4, instance:testCases.BookshelvesPriceFilterTest@543588e6]" started-at="2025-01-16T09:04:08 IST" name="bookShelvesSubmenuPresence" finished-at="2025-01-16T09:04:08 IST" duration-ms="478" status="PASS">
          <reporter-output>
          </reporter-output>
        </test-method> <!-- bookShelvesSubmenuPresence -->
        <test-method signature="bookShelvesClick()[pri:5, instance:testCases.BookshelvesPriceFilterTest@543588e6]" started-at="2025-01-16T09:04:08 IST" name="bookShelvesClick" finished-at="2025-01-16T09:04:11 IST" depends-on-methods="testCases.BookshelvesPriceFilterTest.bookShelvesSubmenuPresence" duration-ms="2328" status="PASS">
          <reporter-output>
          </reporter-output>
        </test-method> <!-- bookShelvesClick -->
        <test-method signature="checkBookshelvesPageTitle([Ljava.lang.String;)[pri:6, instance:testCases.BookshelvesPriceFilterTest@543588e6]" started-at="2025-01-16T09:04:11 IST" name="checkBookshelvesPageTitle" data-provider="configData" finished-at="2025-01-16T09:04:11 IST" depends-on-methods="testCases.BookshelvesPriceFilterTest.bookShelvesClick" duration-ms="525" status="PASS">
          <params>
            <param index="0">
              <value>
                <![CDATA[[Ljava.lang.String;@213e3629]]>
              </value>
            </param>
          </params>
          <reporter-output>
          </reporter-output>
        </test-method> <!-- checkBookshelvesPageTitle -->
        <test-method signature="checkFilters()[pri:7, instance:testCases.BookshelvesPriceFilterTest@543588e6]" started-at="2025-01-16T09:04:11 IST" name="checkFilters" finished-at="2025-01-16T09:04:14 IST" depends-on-methods="testCases.BookshelvesPriceFilterTest.checkBookshelvesPageTitle" duration-ms="3235" status="PASS">
          <reporter-output>
          </reporter-output>
        </test-method> <!-- checkFilters -->
        <test-method signature="checkPriceTagSlider()[pri:8, instance:testCases.BookshelvesPriceFilterTest@543588e6]" started-at="2025-01-16T09:04:14 IST" name="checkPriceTagSlider" finished-at="2025-01-16T09:04:14 IST" duration-ms="37" status="PASS">
          <reporter-output>
          </reporter-output>
        </test-method> <!-- checkPriceTagSlider -->
        <test-method signature="testPriceTagSliderWithValue()[pri:9, instance:testCases.BookshelvesPriceFilterTest@543588e6]" started-at="2025-01-16T09:04:14 IST" name="testPriceTagSliderWithValue" finished-at="2025-01-16T09:04:16 IST" duration-ms="1035" status="PASS">
          <reporter-output>
          </reporter-output>
        </test-method> <!-- testPriceTagSliderWithValue -->
        <test-method signature="checkStorageTypeTag()[pri:10, instance:testCases.BookshelvesPriceFilterTest@543588e6]" started-at="2025-01-16T09:04:16 IST" name="checkStorageTypeTag" finished-at="2025-01-16T09:04:16 IST" duration-ms="896" status="PASS">
          <reporter-output>
          </reporter-output>
        </test-method> <!-- checkStorageTypeTag -->
        <test-method signature="testStorageTypeTagWithValue()[pri:11, instance:testCases.BookshelvesPriceFilterTest@543588e6]" started-at="2025-01-16T09:04:16 IST" name="testStorageTypeTagWithValue" finished-at="2025-01-16T09:04:18 IST" duration-ms="1818" status="PASS">
          <reporter-output>
          </reporter-output>
        </test-method> <!-- testStorageTypeTagWithValue -->
        <test-method signature="testExcludeOutOfStock()[pri:12, instance:testCases.BookshelvesPriceFilterTest@543588e6]" started-at="2025-01-16T09:04:18 IST" name="testExcludeOutOfStock" finished-at="2025-01-16T09:04:20 IST" duration-ms="1302" status="PASS">
          <reporter-output>
          </reporter-output>
        </test-method> <!-- testExcludeOutOfStock -->
        <test-method signature="testSortBy()[pri:13, instance:testCases.BookshelvesPriceFilterTest@543588e6]" started-at="2025-01-16T09:04:20 IST" name="testSortBy" finished-at="2025-01-16T09:04:20 IST" duration-ms="72" status="PASS">
          <reporter-output>
          </reporter-output>
        </test-method> <!-- testSortBy -->
        <test-method signature="testPresenceOfBookshelves()[pri:14, instance:testCases.BookshelvesPriceFilterTest@543588e6]" started-at="2025-01-16T09:04:20 IST" name="testPresenceOfBookshelves" finished-at="2025-01-16T09:04:22 IST" depends-on-methods="testCases.BookshelvesPriceFilterTest.testSortBy, testCases.BookshelvesPriceFilterTest.testExcludeOutOfStock, testCases.BookshelvesPriceFilterTest.testPriceTagSliderWithValue, testCases.BookshelvesPriceFilterTest.checkStorageTypeTag" duration-ms="2113" status="PASS">
          <reporter-output>
          </reporter-output>
        </test-method> <!-- testPresenceOfBookshelves -->
        <test-method signature="testUrlAfterBack([Ljava.lang.String;)[pri:15, instance:testCases.BookshelvesPriceFilterTest@543588e6]" started-at="2025-01-16T09:04:22 IST" name="testUrlAfterBack" data-provider="configData" finished-at="2025-01-16T09:04:24 IST" depends-on-methods="testCases.BookshelvesPriceFilterTest.testPresenceOfBookshelves" duration-ms="2598" status="PASS">
          <params>
            <param index="0">
              <value>
                <![CDATA[[Ljava.lang.String;@6f6c6077]]>
              </value>
            </param>
          </params>
          <reporter-output>
          </reporter-output>
        </test-method> <!-- testUrlAfterBack -->
      </class> <!-- testCases.BookshelvesPriceFilterTest -->
    </test> <!-- Test -->
  </suite> <!-- Suite -->
</testng-results>
