<?xml version="1.0" encoding="UTF-8"?>
<testsuite xmlns:xsi="http://www.w3.org/2001/XMLSchema-instance" xsi:noNamespaceSchemaLocation="https://maven.apache.org/surefire/maven-surefire-plugin/xsd/surefire-test-report-3.0.xsd" version="3.0" name="TestSuite" time="52.115" tests="21" errors="0" skipped="0" failures="0">
  <properties>
[...]
</properties>
  <testcase name="testValidUrl" classname="testCases.SmokeTest" time="0.229"/>
  <testcase name="testFieldPresence" classname="testCases.SmokeTest" time="0.122"/>
  <testcase name="testFieldOasisPresence" classname="testCases.SmokeTest" time="0.919"/>
  <testcase name="testULServicesPresence" classname="testCases.SmokeTest" time="0.116"/>
  <testcase name="bookShelvesSubmenuPresence" classname="testCases.BookshelvesPriceFilterTest" time="0.477"/>
  <testcase name="bookShelvesClick" classname="testCases.BookshelvesPriceFilterTest" time="2.326"/>
  <testcase name="checkBookshelvesPageTitle[[Ljava.lang.String;@213e3629](1)" classname="testCases.BookshelvesPriceFilterTest" time="0.527"/>
  <testcase name="checkFilters" classname="testCases.BookshelvesPriceFilterTest" time="3.234"/>
  <testcase name="checkPriceTagSlider" classname="testCases.BookshelvesPriceFilterTest" time="0.037"/>
  <testcase name="testPriceTagSliderWithValue" classname="testCases.BookshelvesPriceFilterTest" time="1.035"/>
  <testcase name="checkStorageTypeTag" classname="testCases.BookshelvesPriceFilterTest" time="0.896"/>
  <testcase name="testStorageTypeTagWithValue" classname="testCases.BookshelvesPriceFilterTest" time="1.818"/>
  <testcase name="testExcludeOutOfStock" classname="testCases.BookshelvesPriceFilterTest" time="1.302"/>
  <testcase name="testSortBy" classname="testCases.BookshelvesPriceFilterTest" time="0.073"/>
  <testcase name="testPresenceOfBookshelves" classname="testCases.BookshelvesPriceFilterTest" time="2.12">
    <system-out><![CDATA[&amp#27;[34m
Top 3 Affordable Open Storage Bookshelves Under Rs. 15000 (In Stock Only): &amp#27;[0m
Austen Solid Wood Bookshelf In Teak Finish, Price: ₹9,999
Babylon Solid Wood Bookshelf In Walnut Finish, Price: ₹4,465
Megan Engineered Wood Bookshelf In Classic Walnut Finish, Price: ₹3,527

]]></system-out>
  </testcase>
  <testcase name="testUrlAfterBack[[Ljava.lang.String;@6f6c6077](1)" classname="testCases.BookshelvesPriceFilterTest" time="2.594"/>
  <testcase name="dropDownAppearanceValidation" classname="testCases.CollectionsSubMenuRetrievalTest" time="0.805"/>
  <testcase name="dropDownSubMenuValidation" classname="testCases.CollectionsSubMenuRetrievalTest" time="0.323">
    <system-out><![CDATA[&amp#27;[34mOasis Collections Sub-Menu: &amp#27;[0m
Explore Oasis
Explore Full Collection
Oasis Sofas Collection
Living Room
Bedroom
Dining Room
]]></system-out>
  </testcase>
  <testcase name="checkULPageTitle[[Ljava.lang.String;@708eb310](1)" classname="testCases.ULServicesFormTest" time="2.726"/>
  <testcase name="FillULInvalidData" classname="testCases.ULServicesFormTest" time="3.62">
    <system-out><![CDATA[&amp#27;[34m
Form submission: &amp#27;[0m
]]></system-out>
    <system-err><![CDATA[Fill all the details correctly in the form!
]]></system-err>
  </testcase>
  <testcase name="FillULValidData" classname="testCases.ULServicesFormTest" time="8.22"/>
</testsuite>