<?xml version="1.0" encoding="UTF-8"?>
<testng-results ignored="6" total="27" passed="21" failed="0" skipped="0">
  <reporter-output>
  </reporter-output>
  <suite started-at="2025-01-16T11:05:22 IST" name="Suite" finished-at="2025-01-16T11:06:21 IST" duration-ms="59453">
    <groups>
      <group name="smoke">
        <method signature="SmokeTest.testFieldOasisPresence()[pri:2, instance:testCases.SmokeTest@4218d6a3]" name="testFieldOasisPresence" class="testCases.SmokeTest"/>
        <method signature="SmokeTest.testFieldPresence()[pri:1, instance:testCases.SmokeTest@4218d6a3]" name="testFieldPresence" class="testCases.SmokeTest"/>
        <method signature="SmokeTest.testULServicesPresence()[pri:3, instance:testCases.SmokeTest@4218d6a3]" name="testULServicesPresence" class="testCases.SmokeTest"/>
        <method signature="SmokeTest.testValidUrl()[pri:0, instance:testCases.SmokeTest@4218d6a3]" name="testValidUrl" class="testCases.SmokeTest"/>
      </group> <!-- smoke -->
    </groups>
    <test started-at="2025-01-16T11:05:22 IST" name="Test" finished-at="2025-01-16T11:06:21 IST" duration-ms="59453">
      <class name="testCases.CollectionsSubMenuRetrievalTest">
        <test-method is-config="true" signature="pages()[pri:0, instance:testCases.CollectionsSubMenuRetrievalTest@41d477ed]" started-at="2025-01-16T11:05:59 IST" name="pages" finished-at="2025-01-16T11:05:59 IST" duration-ms="5" status="PASS">
          <reporter-output>
          </reporter-output>
        </test-method> <!-- pages -->
        <test-method signature="dropDownAppearanceValidation()[pri:16, instance:testCases.CollectionsSubMenuRetrievalTest@41d477ed]" started-at="2025-01-16T11:05:59 IST" name="dropDownAppearanceValidation" finished-at="2025-01-16T11:06:00 IST" duration-ms="828" status="PASS">
          <reporter-output>
          </reporter-output>
        </test-method> <!-- dropDownAppearanceValidation -->
        <test-method signature="dropDownSubMenuValidation()[pri:17, instance:testCases.CollectionsSubMenuRetrievalTest@41d477ed]" started-at="2025-01-16T11:06:00 IST" name="dropDownSubMenuValidation" finished-at="2025-01-16T11:06:01 IST" depends-on-methods="testCases.CollectionsSubMenuRetrievalTest.dropDownAppearanceValidation" duration-ms="458" status="PASS">
          <reporter-output>
          </reporter-output>
        </test-method> <!-- dropDownSubMenuValidation -->
      </class> <!-- testCases.CollectionsSubMenuRetrievalTest -->
      <class name="testCases.SmokeTest">
        <test-method is-config="true" signature="setup(java.lang.String)[pri:0, instance:testCases.SmokeTest@4218d6a3]" started-at="2025-01-16T11:05:22 IST" name="setup" finished-at="2025-01-16T11:05:38 IST" duration-ms="16629" status="PASS">
          <params>
            <param index="0">
              <value>
                <![CDATA[Edge]]>
              </value>
            </param>
          </params>
          <reporter-output>
          </reporter-output>
        </test-method> <!-- setup -->
        <test-method is-config="true" signature="pages()[pri:0, instance:testCases.SmokeTest@4218d6a3]" started-at="2025-01-16T11:05:38 IST" name="pages" finished-at="2025-01-16T11:05:39 IST" duration-ms="202" status="PASS">
          <reporter-output>
          </reporter-output>
        </test-method> <!-- pages -->
        <test-method signature="testValidUrl()[pri:0, instance:testCases.SmokeTest@4218d6a3]" started-at="2025-01-16T11:05:39 IST" name="testValidUrl" finished-at="2025-01-16T11:05:39 IST" duration-ms="250" status="PASS">
          <reporter-output>
          </reporter-output>
        </test-method> <!-- testValidUrl -->
        <test-method signature="testFieldPresence()[pri:1, instance:testCases.SmokeTest@4218d6a3]" started-at="2025-01-16T11:05:39 IST" name="testFieldPresence" finished-at="2025-01-16T11:05:40 IST" duration-ms="1515" status="PASS">
          <reporter-output>
          </reporter-output>
        </test-method> <!-- testFieldPresence -->
        <test-method signature="testFieldOasisPresence()[pri:2, instance:testCases.SmokeTest@4218d6a3]" started-at="2025-01-16T11:05:40 IST" name="testFieldOasisPresence" finished-at="2025-01-16T11:05:40 IST" duration-ms="86" status="PASS">
          <reporter-output>
          </reporter-output>
        </test-method> <!-- testFieldOasisPresence -->
        <test-method signature="testULServicesPresence()[pri:3, instance:testCases.SmokeTest@4218d6a3]" started-at="2025-01-16T11:05:40 IST" name="testULServicesPresence" finished-at="2025-01-16T11:05:41 IST" duration-ms="208" status="PASS">
          <reporter-output>
          </reporter-output>
        </test-method> <!-- testULServicesPresence -->
        <test-method is-config="true" signature="tearDown()[pri:0, instance:testCases.SmokeTest@4218d6a3]" started-at="2025-01-16T11:06:15 IST" name="tearDown" finished-at="2025-01-16T11:06:21 IST" duration-ms="5996" status="PASS">
          <reporter-output>
          </reporter-output>
        </test-method> <!-- tearDown -->
      </class> <!-- testCases.SmokeTest -->
      <class name="testCases.ULServicesFormTest">
        <test-method is-config="true" signature="pages()[pri:0, instance:testCases.ULServicesFormTest@3590fc5b]" started-at="2025-01-16T11:06:01 IST" name="pages" finished-at="2025-01-16T11:06:01 IST" duration-ms="4" status="PASS">
          <reporter-output>
          </reporter-output>
        </test-method> <!-- pages -->
        <test-method signature="checkULPageTitle([Ljava.lang.String;)[pri:18, instance:testCases.ULServicesFormTest@3590fc5b]" started-at="2025-01-16T11:06:01 IST" name="checkULPageTitle" data-provider="configData" finished-at="2025-01-16T11:06:04 IST" duration-ms="3106" status="PASS">
          <params>
            <param index="0">
              <value>
                <![CDATA[[Ljava.lang.String;@1934ad7c]]>
              </value>
            </param>
          </params>
          <reporter-output>
          </reporter-output>
        </test-method> <!-- checkULPageTitle -->
        <test-method signature="FillULInvalidData()[pri:19, instance:testCases.ULServicesFormTest@3590fc5b]" started-at="2025-01-16T11:06:04 IST" name="FillULInvalidData" finished-at="2025-01-16T11:06:07 IST" depends-on-methods="testCases.ULServicesFormTest.checkULPageTitle" duration-ms="2908" status="PASS">
          <reporter-output>
          </reporter-output>
        </test-method> <!-- FillULInvalidData -->
        <test-method signature="FillULValidData()[pri:20, instance:testCases.ULServicesFormTest@3590fc5b]" started-at="2025-01-16T11:06:07 IST" name="FillULValidData" finished-at="2025-01-16T11:06:15 IST" depends-on-methods="testCases.ULServicesFormTest.FillULInvalidData" duration-ms="8364" status="PASS">
          <reporter-output>
          </reporter-output>
        </test-method> <!-- FillULValidData -->
      </class> <!-- testCases.ULServicesFormTest -->
      <class name="testCases.BookshelvesPriceFilterTest">
        <test-method is-config="true" signature="pages()[pri:0, instance:testCases.BookshelvesPriceFilterTest@78691363]" started-at="2025-01-16T11:05:41 IST" name="pages" finished-at="2025-01-16T11:05:41 IST" duration-ms="5" status="PASS">
          <reporter-output>
          </reporter-output>
        </test-method> <!-- pages -->
        <test-method signature="bookShelvesSubmenuPresence()[pri:4, instance:testCases.BookshelvesPriceFilterTest@78691363]" started-at="2025-01-16T11:05:41 IST" name="bookShelvesSubmenuPresence" finished-at="2025-01-16T11:05:41 IST" duration-ms="697" status="PASS">
          <reporter-output>
          </reporter-output>
        </test-method> <!-- bookShelvesSubmenuPresence -->
        <test-method signature="bookShelvesClick()[pri:5, instance:testCases.BookshelvesPriceFilterTest@78691363]" started-at="2025-01-16T11:05:41 IST" name="bookShelvesClick" finished-at="2025-01-16T11:05:45 IST" depends-on-methods="testCases.BookshelvesPriceFilterTest.bookShelvesSubmenuPresence" duration-ms="3371" status="PASS">
          <reporter-output>
          </reporter-output>
        </test-method> <!-- bookShelvesClick -->
        <test-method signature="checkBookshelvesPageTitle([Ljava.lang.String;)[pri:6, instance:testCases.BookshelvesPriceFilterTest@78691363]" started-at="2025-01-16T11:05:45 IST" name="checkBookshelvesPageTitle" data-provider="configData" finished-at="2025-01-16T11:05:46 IST" depends-on-methods="testCases.BookshelvesPriceFilterTest.bookShelvesClick" duration-ms="709" status="PASS">
          <params>
            <param index="0">
              <value>
                <![CDATA[[Ljava.lang.String;@b27b210]]>
              </value>
            </param>
          </params>
          <reporter-output>
          </reporter-output>
        </test-method> <!-- checkBookshelvesPageTitle -->
        <test-method signature="checkFilters()[pri:7, instance:testCases.BookshelvesPriceFilterTest@78691363]" started-at="2025-01-16T11:05:46 IST" name="checkFilters" finished-at="2025-01-16T11:05:49 IST" depends-on-methods="testCases.BookshelvesPriceFilterTest.checkBookshelvesPageTitle" duration-ms="3435" status="PASS">
          <reporter-output>
          </reporter-output>
        </test-method> <!-- checkFilters -->
        <test-method signature="checkPriceTagSlider()[pri:8, instance:testCases.BookshelvesPriceFilterTest@78691363]" started-at="2025-01-16T11:05:49 IST" name="checkPriceTagSlider" finished-at="2025-01-16T11:05:49 IST" duration-ms="58" status="PASS">
          <reporter-output>
          </reporter-output>
        </test-method> <!-- checkPriceTagSlider -->
        <test-method signature="testPriceTagSliderWithValue()[pri:9, instance:testCases.BookshelvesPriceFilterTest@78691363]" started-at="2025-01-16T11:05:49 IST" name="testPriceTagSliderWithValue" finished-at="2025-01-16T11:05:50 IST" duration-ms="1224" status="PASS">
          <reporter-output>
          </reporter-output>
        </test-method> <!-- testPriceTagSliderWithValue -->
        <test-method signature="checkStorageTypeTag()[pri:10, instance:testCases.BookshelvesPriceFilterTest@78691363]" started-at="2025-01-16T11:05:50 IST" name="checkStorageTypeTag" finished-at="2025-01-16T11:05:51 IST" duration-ms="1145" status="PASS">
          <reporter-output>
          </reporter-output>
        </test-method> <!-- checkStorageTypeTag -->
        <test-method signature="testStorageTypeTagWithValue()[pri:11, instance:testCases.BookshelvesPriceFilterTest@78691363]" started-at="2025-01-16T11:05:51 IST" name="testStorageTypeTagWithValue" finished-at="2025-01-16T11:05:52 IST" duration-ms="789" status="PASS">
          <reporter-output>
          </reporter-output>
        </test-method> <!-- testStorageTypeTagWithValue -->
        <test-method signature="testExcludeOutOfStock()[pri:12, instance:testCases.BookshelvesPriceFilterTest@78691363]" started-at="2025-01-16T11:05:52 IST" name="testExcludeOutOfStock" finished-at="2025-01-16T11:05:53 IST" duration-ms="681" status="PASS">
          <reporter-output>
          </reporter-output>
        </test-method> <!-- testExcludeOutOfStock -->
        <test-method signature="testSortBy()[pri:13, instance:testCases.BookshelvesPriceFilterTest@78691363]" started-at="2025-01-16T11:05:53 IST" name="testSortBy" finished-at="2025-01-16T11:05:53 IST" duration-ms="70" status="PASS">
          <reporter-output>
          </reporter-output>
        </test-method> <!-- testSortBy -->
        <test-method signature="testPresenceOfBookshelves()[pri:14, instance:testCases.BookshelvesPriceFilterTest@78691363]" started-at="2025-01-16T11:05:53 IST" name="testPresenceOfBookshelves" finished-at="2025-01-16T11:05:56 IST" depends-on-methods="testCases.BookshelvesPriceFilterTest.testSortBy, testCases.BookshelvesPriceFilterTest.testExcludeOutOfStock, testCases.BookshelvesPriceFilterTest.testPriceTagSliderWithValue, testCases.BookshelvesPriceFilterTest.checkStorageTypeTag" duration-ms="3539" status="PASS">
          <reporter-output>
          </reporter-output>
        </test-method> <!-- testPresenceOfBookshelves -->
        <test-method signature="testUrlAfterBack([Ljava.lang.String;)[pri:15, instance:testCases.BookshelvesPriceFilterTest@78691363]" started-at="2025-01-16T11:05:56 IST" name="testUrlAfterBack" data-provider="configData" finished-at="2025-01-16T11:05:59 IST" depends-on-methods="testCases.BookshelvesPriceFilterTest.testPresenceOfBookshelves" duration-ms="2936" status="PASS">
          <params>
            <param index="0">
              <value>
                <![CDATA[[Ljava.lang.String;@5b5b59]]>
              </value>
            </param>
          </params>
          <reporter-output>
          </reporter-output>
        </test-method> <!-- testUrlAfterBack -->
      </class> <!-- testCases.BookshelvesPriceFilterTest -->
    </test> <!-- Test -->
  </suite> <!-- Suite -->
</testng-results>
